<?xml version="1.0" encoding="UTF-8"?>
<testng-results ignored="0" total="1" passed="1" failed="0" skipped="0">
  <reporter-output>
  </reporter-output>
  <suite started-at="2024-09-09T11:14:04 IST" name="Suite" finished-at="2024-09-09T11:14:13 IST" duration-ms="9411">
    <groups>
    </groups>
    <test started-at="2024-09-09T11:14:04 IST" name="Test" finished-at="2024-09-09T11:14:13 IST" duration-ms="9411">
      <class name="com.test.FitPeoTestClass">
        <test-method is-config="true" signature="Setup()[pri:0, instance:com.test.FitPeoTestClass@76a4ebf2]" started-at="2024-09-09T11:13:55 IST" name="Setup" finished-at="2024-09-09T11:14:04 IST" duration-ms="9490" status="PASS">
          <reporter-output>
          </reporter-output>
        </test-method> <!-- Setup -->
        <test-method signature="testing_RevenueCalculator()[pri:0, instance:com.test.FitPeoTestClass@76a4ebf2]" started-at="2024-09-09T11:14:04 IST" name="testing_RevenueCalculator" finished-at="2024-09-09T11:14:13 IST" duration-ms="9052" status="PASS">
          <reporter-output>
          </reporter-output>
        </test-method> <!-- testing_RevenueCalculator -->
        <test-method is-config="true" signature="TearDown()[pri:0, instance:com.test.FitPeoTestClass@76a4ebf2]" started-at="2024-09-09T11:14:14 IST" name="TearDown" finished-at="2024-09-09T11:14:15 IST" duration-ms="852" status="PASS">
          <reporter-output>
          </reporter-output>
        </test-method> <!-- TearDown -->
      </class> <!-- com.test.FitPeoTestClass -->
    </test> <!-- Test -->
  </suite> <!-- Suite -->
</testng-results>
